[INFO]:  Dispatched DrawEvent
[INFO]:  Enqueued GameEvent
[INFO]:  Enqueued GameEvent
[INFO]:  Dispatched DrawEvent
[INFO]:  Enqueued GameEvent
[INFO]:  Enqueued GameEvent
[INFO]:  Dispatched DrawEvent
[INFO]:  Enqueued GameEvent
[INFO]:  Enqueued GameEvent
[INFO]:  Dispatched DrawEvent
[INFO]:  Enqueued GameEvent
[INFO]:  Enqueued GameEvent
[INFO]:  Dispatched DrawEvent
[INFO]:  Enqueued GameEvent
[INFO]:  Enqueued GameEvent
[INFO]:  Dispatched DrawEvent
[INFO]:  Enqueued GameEvent
[INFO]:  Enqueued GameEvent
[INFO]:  Dispatched DrawEvent
[INFO]:  Enqueued GameEvent
[INFO]:  Enqueued GameEvent
[INFO]:  Dispatched DrawEvent
[INFO]:  Enqueued GameEvent
[INFO]:  Enqueued GameEvent
[INFO]:  Dispatched DrawEvent
[INFO]:  Enqueued GameEvent
[INFO]:  Enqueued GameEvent
[INFO]:  Dispatched DrawEvent
[INFO]:  Enqueued GameEvent
[INFO]:  Enqueued GameEvent
[INFO]:  Dispatched DrawEvent
[INFO]:  Enqueued GameEvent
[INFO]:  Enqueued GameEvent
[INFO]:  Dispatched DrawEvent
[INFO]:  Enqueued GameEvent
[INFO]:  Enqueued GameEvent
[INFO]:  Enqueued GameEvent
[INFO]:  Dispatched DrawEvent
[INFO]:  Enqueued GameEvent
[INFO]:  Enqueued GameEvent
[INFO]:  Dispatched DrawEvent
[INFO]:  Enqueued GameEvent
[INFO]:  Enqueued GameEvent
[INFO]:  Dispatched DrawEvent
[INFO]:  Enqueued GameEvent
[INFO]:  Enqueued GameEvent
[INFO]:  Dispatched DrawEvent
[INFO]:  Enqueued GameEvent
[INFO]:  Enqueued GameEvent
[INFO]:  Dispatched DrawEvent
[INFO]:  Enqueued GameEvent
[INFO]:  Enqueued GameEvent
[INFO]:  Dispatched DrawEvent
[INFO]:  Enqueued GameEvent
[INFO]:  Enqueued GameEvent
[INFO]:  Dispatched DrawEvent
[INFO]:  Enqueued GameEvent
[INFO]:  Enqueued GameEvent
[INFO]:  Dispatched DrawEvent
[INFO]:  Enqueued GameEvent
[INFO]:  Enqueued GameEvent
[INFO]:  Dispatched DrawEvent
[INFO]:  Enqueued GameEvent
[INFO]:  Enqueued GameEvent
[INFO]:  Enqueued GameEvent
[INFO]:  Dispatched DrawEvent
[INFO]:  Enqueued GameEvent
[INFO]:  Enqueued GameEvent
[INFO]:  Dispatched DrawEvent
[INFO]:  Enqueued GameEvent
-----------------------------------------
[INFO]:  BUILD STARTED - Testing Server and Client:
[INFO]:  PreLoading Sprites
[ERROR]: File is null. This might be a bug
[INFO]:  Sprites had been successfully loaded
[INFO]:  Enqueued GameEvent
[INFO]:  Enqueued GameEvent
[INFO]:  Dispatched StartupEvent
[INFO]:  00:01  INFO: [kryonet] Server opened.
[INFO]:  Dispatched StartupEvent
[INFO]:  Enqueued GameEvent
[INFO]:  00:04  INFO: Connecting: localhost/127.0.0.1:11833/11880
[INFO]:  00:04  INFO: [kryonet] Connection 1 connected: localhost/127.0.0.1
[INFO]:  Player added [Server.addPlayer]
[INFO]:  Packing TileMap for new Client
[INFO]:  Dispatched LoginEvent
[INFO]:  Enqueued GameEvent
[INFO]:  Enqueued GameEvent
[INFO]:  Sent Tilemap
[INFO]:  received object
[INFO]:  Enqueued GameEvent
[INFO]:  Enqueued GameEvent
[INFO]:  Enqueued GameEvent
[INFO]:  Dispatched DrawEvent
[INFO]:  Enqueued GameEvent
[INFO]:  Enqueued GameEvent
[INFO]:  Enqueued GameEvent
[INFO]:  Dispatched DrawEvent
[INFO]:  Enqueued GameEvent
[INFO]:  Dispatched DrawEvent
[INFO]:  Enqueued GameEvent
[INFO]:  Enqueued GameEvent
[INFO]:  Dispatched DrawEvent
[INFO]:  Enqueued GameEvent
[INFO]:  Dispatched DrawEvent
[INFO]:  Enqueued GameEvent
[INFO]:  Dispatched DrawEvent
[INFO]:  Enqueued GameEvent
[INFO]:  Dispatched DrawEvent
[INFO]:  Enqueued GameEvent
[INFO]:  Enqueued GameEvent
[INFO]:  Dispatched DrawEvent
[INFO]:  Enqueued GameEvent
[INFO]:  Dispatched DrawEvent
[INFO]:  Enqueued GameEvent
[INFO]:  Enqueued GameEvent
[INFO]:  Dispatched DrawEvent
[INFO]:  Enqueued GameEvent
[INFO]:  Dispatched DrawEvent
[INFO]:  Enqueued GameEvent
[INFO]:  Enqueued GameEvent
[INFO]:  Dispatched DrawEvent
[INFO]:  Enqueued GameEvent
[INFO]:  Dispatched DrawEvent
[INFO]:  Enqueued GameEvent
[INFO]:  Enqueued GameEvent
[INFO]:  Dispatched DrawEvent
[INFO]:  Enqueued GameEvent
[INFO]:  Enqueued GameEvent
[INFO]:  Dispatched DrawEvent
[INFO]:  Enqueued GameEvent
[INFO]:  Enqueued GameEvent
[INFO]:  Dispatched DrawEvent
[INFO]:  Enqueued GameEvent
[INFO]:  Enqueued GameEvent
[INFO]:  Dispatched DrawEvent
[INFO]:  Enqueued GameEvent
[INFO]:  Enqueued GameEvent
[INFO]:  Dispatched DrawEvent
[INFO]:  Enqueued GameEvent
[INFO]:  Enqueued GameEvent
[INFO]:  Enqueued GameEvent

[INFO]:  Enqueued GameEvent
[INFO]:  Dispatched DrawEvent
[INFO]:  Enqueued GameEvent
[INFO]:  Enqueued GameEvent
[INFO]:  Dispatched DrawEvent
[INFO]:  Enqueued GameEvent
[INFO]:  Enqueued GameEvent
[INFO]:  Dispatched DrawEvent
[INFO]:  Enqueued GameEvent
[INFO]:  Enqueued GameEvent
[INFO]:  Dispatched DrawEvent
[INFO]:  Enqueued GameEvent
[INFO]:  Enqueued GameEvent
[INFO]:  Dispatched DrawEvent
[INFO]:  Enqueued GameEvent
[INFO]:  Enqueued GameEvent
[INFO]:  Dispatched DrawEvent
[INFO]:  Enqueued GameEvent
[INFO]:  Enqueued GameEvent
[INFO]:  Enqueued GameEvent
[INFO]:  Dispatched DrawEvent
[INFO]:  Enqueued GameEvent
[INFO]:  Enqueued GameEvent
[INFO]:  Dispatched DrawEvent
[INFO]:  Enqueued GameEvent
[INFO]:  Enqueued GameEvent
[INFO]:  Dispatched DrawEvent
[INFO]:  Enqueued GameEvent
[INFO]:  Enqueued GameEvent
[INFO]:  Dispatched DrawEvent
[INFO]:  Enqueued GameEvent
[INFO]:  Enqueued GameEvent
[INFO]:  Dispatched DrawEvent
[INFO]:  Enqueued GameEvent
[INFO]:  Enqueued GameEvent
[INFO]:  Dispatched DrawEvent
[INFO]:  Enqueued GameEvent
[INFO]:  Enqueued GameEvent
[INFO]:  Dispatched DrawEvent
[INFO]:  Enqueued GameEvent
[INFO]:  Enqueued GameEvent
[INFO]:  Dispatched DrawEvent
[INFO]:  Enqueued GameEvent
[INFO]:  Enqueued GameEvent
[INFO]:  Enqueued GameEvent
[INFO]:  Enqueued GameEvent
[INFO]:  Enqueued GameEvent
[INFO]:  Dispatched DrawEvent
[INFO]:  Enqueued GameEvent
[INFO]:  Enqueued GameEvent
[INFO]:  Dispatched DrawEvent
[INFO]:  Enqueued GameEvent
[INFO]:  Enqueued GameEvent
[INFO]:  Dispatched DrawEvent
[INFO]:  Enqueued GameEvent
[INFO]:  Enqueued GameEvent
[INFO]:  Dispatched DrawEvent
[INFO]:  Enqueued GameEvent
[INFO]:  Enqueued GameEvent
[INFO]:  Dispatched DrawEvent
[INFO]:  Enqueued GameEvent
[INFO]:  Enqueued GameEvent
[INFO]:  Dispatched DrawEvent
[INFO]:  Enqueued GameEvent
[INFO]:  Enqueued GameEvent
[INFO]:  Dispatched DrawEvent
[INFO]:  Enqueued GameEvent
[INFO]:  Enqueued GameEvent
[INFO]:  Enqueued GameEvent
[INFO]:  Dispatched DrawEvent
[INFO]:  Enqueued GameEvent
[INFO]:  Enqueued GameEvent
[INFO]:  Dispatched DrawEvent
[INFO]:  Enqueued GameEvent
[INFO]:  Enqueued GameEvent
[INFO]:  Dispatched DrawEvent
[INFO]:  Enqueued GameEvent
[INFO]:  Enqueued GameEvent
[INFO]:  Dispatched DrawEvent
[INFO]:  Enqueued GameEvent
[INFO]:  Enqueued GameEvent
[INFO]:  Dispatched DrawEvent
[INFO]:  Enqueued GameEvent
[INFO]:  Enqueued GameEvent
[INFO]:  Dispatched DrawEvent
[INFO]:  Enqueued GameEvent
[INFO]:  Enqueued GameEvent
[INFO]:  Enqueued GameEvent
[INFO]:  Dispatched DrawEvent
[INFO]:  Enqueued GameEvent
[INFO]:  Dispatched DrawEvent
[INFO]:  Enqueued GameEvent
[INFO]:  Enqueued GameEvent
[INFO]:  Dispatched DrawEvent
[INFO]:  Enqueued GameEvent
[INFO]:  Enqueued GameEvent
[INFO]:  Dispatched DrawEvent
[INFO]:  Enqueued GameEvent
[INFO]:  Enqueued GameEvent
[INFO]:  Dispatched DrawEvent
[INFO]:  Enqueued GameEvent
[INFO]:  Enqueued GameEvent
[INFO]:  Dispatched DrawEvent
[INFO]:  Enqueued GameEvent
[INFO]:  Enqueued GameEvent
[INFO]:  Dispatched DrawEvent
[INFO]:  Enqueued GameEvent
[INFO]:  Enqueued GameEvent
[INFO]:  Dispatched DrawEvent
[INFO]:  Enqueued GameEvent
[INFO]:  Enqueued GameEvent
[INFO]:  Dispatched DrawEvent
[INFO]:  Enqueued GameEvent
[INFO]:  Enqueued GameEvent
[INFO]:  Dispatched DrawEvent
[INFO]:  Enqueued GameEvent
[INFO]:  Enqueued GameEvent
[INFO]:  Enqueued GameEvent
[INFO]:  Dispatched DrawEvent
[INFO]:  Enqueued GameEvent
[INFO]:  Enqueued GameEvent
[INFO]:  Dispatched DrawEvent
[INFO]:  Enqueued GameEvent
[INFO]:  Enqueued GameEvent
[INFO]:  Dispatched DrawEvent
[INFO]:  Enqueued GameEvent
[INFO]:  Enqueued GameEvent
[INFO]:  Dispatched DrawEvent
[INFO]:  Enqueued GameEvent
[INFO]:  Enqueued GameEvent
[INFO]:  Dispatched DrawEvent
[INFO]:  Enqueued GameEvent
[INFO]:  Enqueued GameEvent
[INFO]:  Dispatched DrawEvent
[INFO]:  Enqueued GameEvent
[INFO]:  Enqueued GameEvent
[INFO]:  Dispatched DrawEvent
[INFO]:  Enqueued GameEvent
[INFO]:  Enqueued GameEvent
[INFO]:  Dispatched DrawEvent
[INFO]:  Enqueued GameEvent
[INFO]:  Enqueued GameEvent
[INFO]:  Enqueued GameEvent

[INFO]:  Enqueued GameEvent
[INFO]:  Enqueued GameEvent
[INFO]:  Dispatched DrawEvent
[INFO]:  Enqueued GameEvent
[INFO]:  Enqueued GameEvent
[INFO]:  Dispatched DrawEvent
[INFO]:  Enqueued GameEvent
[INFO]:  Enqueued GameEvent
[INFO]:  Dispatched DrawEvent
[INFO]:  Enqueued GameEvent
[INFO]:  Enqueued GameEvent
[INFO]:  Dispatched DrawEvent
[INFO]:  Enqueued GameEvent
[INFO]:  Enqueued GameEvent
[INFO]:  Dispatched DrawEvent
[INFO]:  Enqueued GameEvent
[INFO]:  Enqueued GameEvent
[INFO]:  Dispatched DrawEvent
[INFO]:  Enqueued GameEvent
[INFO]:  Enqueued GameEvent
[INFO]:  Dispatched DrawEvent
[INFO]:  Enqueued GameEvent
[INFO]:  Enqueued GameEvent
[INFO]:  Dispatched DrawEvent
[INFO]:  Enqueued GameEvent
[INFO]:  Enqueued GameEvent
[INFO]:  Dispatched DrawEvent
[INFO]:  Enqueued GameEvent
[INFO]:  Enqueued GameEvent
[INFO]:  Enqueued GameEvent
[INFO]:  Dispatched DrawEvent
[INFO]:  Enqueued GameEvent
[INFO]:  Enqueued GameEvent
[INFO]:  Dispatched DrawEvent
[INFO]:  Enqueued GameEvent
[INFO]:  Enqueued GameEvent
[INFO]:  Dispatched DrawEvent
[INFO]:  Enqueued GameEvent
[INFO]:  Enqueued GameEvent
[INFO]:  Dispatched DrawEvent
[INFO]:  Enqueued GameEvent
[INFO]:  Enqueued GameEvent
[INFO]:  Dispatched DrawEvent
[INFO]:  Enqueued GameEvent
[INFO]:  Enqueued GameEvent
[INFO]:  Dispatched DrawEvent
[INFO]:  Enqueued GameEvent
[INFO]:  Enqueued GameEvent
[INFO]:  Dispatched DrawEvent
[INFO]:  Enqueued GameEvent
[INFO]:  Enqueued GameEvent
[INFO]:  Dispatched DrawEvent
[INFO]:  Enqueued GameEvent
[INFO]:  Enqueued GameEvent
[INFO]:  Dispatched DrawEvent
[INFO]:  Enqueued GameEvent
[INFO]:  Enqueued GameEvent
[INFO]:  Enqueued GameEvent
[INFO]:  Dispatched DrawEvent
[INFO]:  Enqueued GameEvent
[INFO]:  Enqueued GameEvent
[INFO]:  Dispatched DrawEvent
[INFO]:  Enqueued GameEvent
[INFO]:  Enqueued GameEvent
[INFO]:  Dispatched DrawEvent
[INFO]:  Enqueued GameEvent
[INFO]:  Enqueued GameEvent
[INFO]:  Dispatched DrawEvent
[INFO]:  Enqueued GameEvent
[INFO]:  Enqueued GameEvent
[INFO]:  Dispatched DrawEvent
[INFO]:  Enqueued GameEvent
[INFO]:  Enqueued GameEvent
[INFO]:  Dispatched DrawEvent
[INFO]:  Enqueued GameEvent
[INFO]:  Enqueued GameEvent
[INFO]:  Dispatched DrawEvent
[INFO]:  Enqueued GameEvent
[INFO]:  Enqueued GameEvent
[INFO]:  Dispatched DrawEvent
[INFO]:  Enqueued GameEvent
[INFO]:  Enqueued GameEvent
[INFO]:  Enqueued GameEvent
[INFO]:  Dispatched DrawEvent
