-----------------------------------------
[INFO]:  BUILD STARTED - Testing Server and Client:
[INFO]:  PreLoading Sprites
[ERROR]: File is null. This might be a bug
[INFO]:  Sprites had been successfully loaded
[INFO]:  Enabling Plugins
[INFO]:  No plugins in file
[INFO]:  Plugins loaded
upEvent
[INFO]:  00:12  INFO: Connecting: localhost/127.0.0.1:11833/11880
[ERROR]: Server not up yet. Trying again...
[INFO]:  Dispatched LoginEvent
[INFO]:  00:13  INFO: Connecting: localhost/127.0.0.1:11833/11880
[INFO]:  00:14  INFO: [kryonet] Server opened.
[INFO]:  00:14  INFO: [kryonet] Connection 1 connected: localhost/127.0.0.1
[INFO]:  Dispatched LoginEvent
[INFO]:  Player added
[INFO]:  Packing TileMap for new Client
[INFO]:  Sent Tilemap
[INFO]:  Creating a character for the Client...
[INFO]:  A player tries to connect
[INFO]:  Sucessfully downloaded the Map...
[INFO]:  Dispatched LoggedEvent
[INFO]:  Dispatched StartupEvent
